<?xml version="1.0" encoding="UTF-8"?>
<!-- Generated by org.testng.reporters.JUnitXMLReporter -->
<testsuite hostname="DESKTOP-JRN5AMB" ignored="0" name="Default test" tests="3" failures="0" timestamp="2021-04-06T15:45:01 IST" time="8.501" errors="0">
  <testcase name="PaytmtranferRequest" time="7.597" classname="frizza.Wallet"/>
  <testcase name="UnauthorisedViewWalletHistory" time="0.354" classname="frizza.Wallet"/>
  <testcase name="ViewWalletHistory" time="0.294" classname="frizza.Wallet"/>
</testsuite> <!-- Default test -->
