<?xml version="1.0" encoding="UTF-8"?>
<!-- Generated by org.testng.reporters.JUnitXMLReporter -->
<testsuite hostname="DESKTOP-JRN5AMB" ignored="0" name="Test" tests="15" failures="0" timestamp="2021-04-06T17:33:42 IST" time="10.382" errors="0">
  <testcase name="CpatOfferstoreDetails" time="5.739" classname="frizza.HomePage"/>
  <testcase name="CpatStoreOffers" time="0.433" classname="frizza.HomePage"/>
  <testcase name="InstalledApp" time="0.38" classname="frizza.HomePage"/>
  <testcase name="InstalledAppWithoutproperheader" time="0.377" classname="frizza.HomePage"/>
  <testcase name="NonCpatOffersDetails" time="0.259" classname="frizza.HomePage"/>
  <testcase name="NonCpatStoreOffers" time="0.255" classname="frizza.HomePage"/>
  <testcase name="BlankDOB" time="0.236" classname="frizza.Profile"/>
  <testcase name="ImproperEmailFormat" time="0.247" classname="frizza.Profile"/>
  <testcase name="ProperdataProfileupdate" time="0.258" classname="frizza.Profile"/>
  <testcase name="blankEMail" time="0.265" classname="frizza.Profile"/>
  <testcase name="ProperLogin" time="0.246" classname="frizza.Login"/>
  <testcase name="RootedLogin" time="0.579" classname="frizza.Login"/>
  <testcase name="PaytmtranferRequestwithooutCriteria" time="0.298" classname="frizza.Wallet"/>
  <testcase name="UnauthorisedViewWalletHistory" time="0.235" classname="frizza.Wallet"/>
  <testcase name="ViewWalletHistory" time="0.256" classname="frizza.Wallet"/>
</testsuite> <!-- Test -->
