<?xml version="1.0" encoding="UTF-8"?>
<testsuite xmlns:xsi="http://www.w3.org/2001/XMLSchema-instance" xsi:noNamespaceSchemaLocation="https://maven.apache.org/surefire/maven-surefire-plugin/xsd/surefire-test-report.xsd" name="TestSuite" time="26.048" tests="38" errors="0" skipped="0" failures="2">
  <properties>
[...]
</properties>
  <testcase name="Constants" classname="frizza.HomePage" time="6.756"/>
  <testcase name="CpatOfferstoreDetails" classname="frizza.HomePage" time="2.105">
    <failure message="expected [true] but found [false]" type="java.lang.AssertionError">java.lang.AssertionError: expected [true] but found [false]
	at frizza.HomePage.CpatOfferstoreDetails(HomePage.java:301)
</failure>
    <system-out><![CDATA[{"output": {}, "response_code": 496, "response_message": "Session not found"}
]]></system-out>
  </testcase>
  <testcase name="CpatStoreOffers" classname="frizza.HomePage" time="1.73"/>
  <testcase name="InstalledApp" classname="frizza.HomePage" time="0.356"/>
  <testcase name="InstalledAppWithoutproperheader" classname="frizza.HomePage" time="0.186"/>
  <testcase name="MoreinfoPageOpen" classname="frizza.HomePage" time="0.22"/>
  <testcase name="NonCpatOffersDetails" classname="frizza.HomePage" time="0.193">
    <failure message="expected [true] but found [false]" type="java.lang.AssertionError">java.lang.AssertionError: expected [true] but found [false]
	at frizza.HomePage.NonCpatOffersDetails(HomePage.java:254)
</failure>
  </testcase>
  <testcase name="NonCpatStoreOffers" classname="frizza.HomePage" time="0.286"/>
  <testcase name="ReferPageOpen" classname="frizza.HomePage" time="0.247"/>
  <testcase name="SendFeedback" classname="frizza.HomePage" time="0.238"/>
  <testcase name="AboveLimitFirstLastName" classname="frizza.Profile" time="0.267"/>
  <testcase name="AlphanumbericFirstLastName" classname="frizza.Profile" time="0.349"/>
  <testcase name="BlankDOB" classname="frizza.Profile" time="0.424"/>
  <testcase name="BlankFirstLastName" classname="frizza.Profile" time="0.219"/>
  <testcase name="FutureDob" classname="frizza.Profile" time="0.875"/>
  <testcase name="ImproperDOBFormat" classname="frizza.Profile" time="0.266"/>
  <testcase name="ImproperEmailFormat" classname="frizza.Profile" time="0.426"/>
  <testcase name="ImproperGenderFormat" classname="frizza.Profile" time="0.203"/>
  <testcase name="MinorDob" classname="frizza.Profile" time="0.297"/>
  <testcase name="ProperdataDobGenderEmailProfileupdate" classname="frizza.Profile" time="0.192"/>
  <testcase name="ViewProfile" classname="frizza.Profile" time="0.198"/>
  <testcase name="blankEMail" classname="frizza.Profile" time="0.275"/>
  <testcase name="blankGender" classname="frizza.Profile" time="0.3"/>
  <testcase name="DifferentEmailproperformatLogin" classname="frizza.Login" time="0.2"/>
  <testcase name="NewUserButAlreadyUsedDeviceID" classname="frizza.Login" time="0.246"/>
  <testcase name="NewUserProperSignUPWithImproperReferCode" classname="frizza.Login" time="0.267"/>
  <testcase name="NewUserProperSignUPWithProperReferCode" classname="frizza.Login" time="0.514"/>
  <testcase name="NewUserProperSignUPWithoutReferCode" classname="frizza.Login" time="0.464"/>
  <testcase name="NullEmailformatLogin" classname="frizza.Login" time="0.221"/>
  <testcase name="NumberLessThanNineDigitLogin" classname="frizza.Login" time="0.226"/>
  <testcase name="NumberMoreThanTenDigitLogin" classname="frizza.Login" time="0.199"/>
  <testcase name="NumberNotStartFrom6789Login" classname="frizza.Login" time="0.235"/>
  <testcase name="ProperLogin" classname="frizza.Login" time="0.192"/>
  <testcase name="RootedLogin" classname="frizza.Login" time="0.565"/>
  <testcase name="WrongEmailformatLogin" classname="frizza.Login" time="0.304"/>
  <testcase name="PaytmtranferRequestwithooutCriteria" classname="frizza.Wallet" time="0.218"/>
  <testcase name="UnauthorisedViewWalletHistory" classname="frizza.Wallet" time="0.202"/>
  <testcase name="ViewWalletHistory" classname="frizza.Wallet" time="0.245"/>
</testsuite>